#
# There is insufficient memory for the Java Runtime Environment to continue.
# Native memory allocation (mmap) failed to map 266338304 bytes for G1 virtual space
# Possible reasons:
#   The system is out of physical RAM or swap space
#   The process is running with CompressedOops enabled, and the Java Heap may be blocking the growth of the native heap
# Possible solutions:
#   Reduce memory load on the system
#   Increase physical memory or swap space
#   Check if swap backing store is full
#   Decrease Java heap size (-Xmx/-Xms)
#   Decrease number of Java threads
#   Decrease Java thread stack sizes (-Xss)
#   Set larger code cache with -XX:ReservedCodeCacheSize=
#   JVM is running with Zero Based Compressed Oops mode in which the Java heap is
#     placed in the first 32GB address space. The Java Heap base address is the
#     maximum limit for the native heap growth. Please use -XX:HeapBaseMinAddress
#     to set the Java Heap base and to place the Java Heap above 32GB virtual address.
# This output file may be truncated or incomplete.
#
#  Out of Memory Error (os_windows.cpp:3536), pid=8016, tid=1852
#
# JRE version:  (19.0.2+7) (build )
# Java VM: Java HotSpot(TM) 64-Bit Server VM (19.0.2+7-44, mixed mode, sharing, tiered, compressed oops, compressed class ptrs, g1 gc, windows-amd64)
# No core dump will be written. Minidumps are not enabled by default on client versions of Windows
#

---------------  S U M M A R Y ------------

Command Line: -Dfile.encoding=UTF-8 

Host: Intel(R) Core(TM) i5-8300H CPU @ 2.30GHz, 8 cores, 15G,  Windows 10 , 64 bit Build 19041 (10.0.19041.2788)
Time: Wed May 10 02:17:21 2023 W. Central Africa Standard Time elapsed time: 0.009303 seconds (0d 0h 0m 0s)

---------------  T H R E A D  ---------------

Current thread (0x000001e4bbc03400):  JavaThread "Unknown thread" [_thread_in_vm, id=1852, stack(0x0000004f6c100000,0x0000004f6c200000)]

Stack: [0x0000004f6c100000,0x0000004f6c200000]
Native frames: (J=compiled Java code, j=interpreted, Vv=VM code, C=native code)
V  [jvm.dll+0x6ee21a]
V  [jvm.dll+0x85765e]
V  [jvm.dll+0x85904e]
V  [jvm.dll+0x859703]
V  [jvm.dll+0x28298f]
V  [jvm.dll+0x6eb009]
V  [jvm.dll+0x6dfbaa]
V  [jvm.dll+0x3573f6]
V  [jvm.dll+0x35ee56]
V  [jvm.dll+0x3b541e]
V  [jvm.dll+0x3b564f]
V  [jvm.dll+0x32c9ea]
V  [jvm.dll+0x32d89e]
V  [jvm.dll+0x821780]
V  [jvm.dll+0x3c2661]
V  [jvm.dll+0x801f51]
V  [jvm.dll+0x44ae8f]
V  [jvm.dll+0x44c811]
C  [jli.dll+0x5287]
C  [ucrtbase.dll+0x21bb2]
C  [KERNEL32.DLL+0x17604]
C  [ntdll.dll+0x526a1]


---------------  P R O C E S S  ---------------

Threads class SMR info:
_java_thread_list=0x00007ffa472bd048, length=0, elements={
}

Java Threads: ( => current thread )

Other Threads:
  0x000001e4bbc72fe0 WorkerThread "GC Thread#0" [stack: 0x0000004f6c200000,0x0000004f6c300000] [id=18924]
  0x000001e4bbc83e70 ConcurrentGCThread "G1 Main Marker" [stack: 0x0000004f6c300000,0x0000004f6c400000] [id=10392]
  0x000001e4bbc86050 WorkerThread "G1 Conc#0" [stack: 0x0000004f6c400000,0x0000004f6c500000] [id=19444]

[error occurred during error reporting (printing all threads), id 0xc0000005, EXCEPTION_ACCESS_VIOLATION (0xc0000005) at pc=0x00007ffa46a7d427]

VM state: not at safepoint (not fully initialized)

VM Mutex/Monitor currently owned by a thread:  ([mutex/lock_event])
[0x000001e4bbbff270] Heap_lock - owner thread: 0x000001e4bbc03400

Heap address: 0x0000000702600000, size: 4058 MB, Compressed Oops mode: Zero based, Oop shift amount: 3

CDS archive(s) mapped at: [0x0000000000000000-0x0000000000000000-0x0000000000000000), size 0, SharedBaseAddress: 0x0000000800000000, ArchiveRelocationMode: 0.
Narrow klass base: 0x0000000000000000, Narrow klass shift: 0, Narrow klass range: 0x0

GC Precious Log:
 CardTable entry size: 512
 Card Set container configuration: InlinePtr #cards 4 size 8 Array Of Cards #cards 16 size 48 Howl #buckets 8 coarsen threshold 3686 Howl Bitmap #cards 512 size 80 coarsen threshold 460 Card regions per heap region 1 cards per card region 4096

Heap:
 garbage-first heap   total 0K, used 0K [0x0000000702600000, 0x0000000800000000)
  region size 2048K, 0 young (0K), 0 survivors (0K)

[error occurred during error reporting (printing heap information), id 0xc0000005, EXCEPTION_ACCESS_VIOLATION (0xc0000005) at pc=0x00007ffa46e86649]

GC Heap History (0 events):
No events

Dll operation events (1 events):
Event: 0.006 Loaded shared library C:\Program Files\Java\jdk-19\bin\java.dll

Deoptimization events (0 events):
No events

Classes loaded (0 events):
No events

Classes unloaded (0 events):
No events

Classes redefined (0 events):
No events

Internal exceptions (0 events):
No events

VM Operations (0 events):
No events

Events (0 events):
No events


Dynamic libraries:
0x00007ff62fd90000 - 0x00007ff62fda0000 	C:\Program Files\Java\jdk-19\bin\java.exe
0x00007ffabb1f0000 - 0x00007ffabb3e8000 	C:\Windows\SYSTEM32\ntdll.dll
0x00007ffa8c450000 - 0x00007ffa8c469000 	C:\Program Files\Avast Software\Avast\aswhook.dll
0x00007ffab9340000 - 0x00007ffab93ff000 	C:\Windows\System32\KERNEL32.DLL
0x00007ffab8e10000 - 0x00007ffab90ea000 	C:\Windows\System32\KERNELBASE.dll
0x00007ffab9120000 - 0x00007ffab9220000 	C:\Windows\System32\ucrtbase.dll
0x00007ffa9dee0000 - 0x00007ffa9defb000 	C:\Program Files\Java\jdk-19\bin\VCRUNTIME140.dll
0x00007ffaa22c0000 - 0x00007ffaa22d8000 	C:\Program Files\Java\jdk-19\bin\jli.dll
0x00007ffaba9f0000 - 0x00007ffabaa9e000 	C:\Windows\System32\ADVAPI32.dll
0x00007ffaba0c0000 - 0x00007ffaba15e000 	C:\Windows\System32\msvcrt.dll
0x00007ffab9480000 - 0x00007ffab951c000 	C:\Windows\System32\sechost.dll
0x00007ffaba760000 - 0x00007ffaba886000 	C:\Windows\System32\RPCRT4.dll
0x00007ffab9520000 - 0x00007ffab96bd000 	C:\Windows\System32\USER32.dll
0x00007ffab90f0000 - 0x00007ffab9112000 	C:\Windows\System32\win32u.dll
0x00007ffaa2960000 - 0x00007ffaa2bfa000 	C:\Windows\WinSxS\amd64_microsoft.windows.common-controls_6595b64144ccf1df_6.0.19041.1110_none_60b5254171f9507e\COMCTL32.dll
0x00007ffaba960000 - 0x00007ffaba98b000 	C:\Windows\System32\GDI32.dll
0x00007ffab8950000 - 0x00007ffab8a60000 	C:\Windows\System32\gdi32full.dll
0x00007ffab8b60000 - 0x00007ffab8bfd000 	C:\Windows\System32\msvcp_win.dll
0x00007ffab1cb0000 - 0x00007ffab1cba000 	C:\Windows\SYSTEM32\VERSION.dll
0x00007ffab9e10000 - 0x00007ffab9e40000 	C:\Windows\System32\IMM32.DLL
0x00007ffab4210000 - 0x00007ffab421c000 	C:\Program Files\Java\jdk-19\bin\vcruntime140_1.dll
0x00007ffa9dc90000 - 0x00007ffa9dd1e000 	C:\Program Files\Java\jdk-19\bin\msvcp140.dll
0x00007ffa46740000 - 0x00007ffa47400000 	C:\Program Files\Java\jdk-19\bin\server\jvm.dll
0x00007ffaa1e40000 - 0x00007ffaa1e49000 	C:\Windows\SYSTEM32\WSOCK32.dll
0x00007ffaa8bd0000 - 0x00007ffaa8bf7000 	C:\Windows\SYSTEM32\WINMM.dll
0x00007ffaba6f0000 - 0x00007ffaba75b000 	C:\Windows\System32\WS2_32.dll
0x00007ffab7150000 - 0x00007ffab7162000 	C:\Windows\SYSTEM32\kernel.appcore.dll
0x00007ffab3020000 - 0x00007ffab302a000 	C:\Program Files\Java\jdk-19\bin\jimage.dll
0x00007ffab6790000 - 0x00007ffab6974000 	C:\Windows\SYSTEM32\DBGHELP.DLL
0x00007ffaad070000 - 0x00007ffaad0a4000 	C:\Windows\SYSTEM32\dbgcore.DLL
0x00007ffab8a60000 - 0x00007ffab8ae2000 	C:\Windows\System32\bcryptPrimitives.dll
0x00007ffa9deb0000 - 0x00007ffa9ded6000 	C:\Program Files\Java\jdk-19\bin\java.dll

dbghelp: loaded successfully - version: 4.0.5 - missing functions: none
symbol engine: initialized successfully - sym options: 0x614 - pdb path: .;C:\Program Files\Java\jdk-19\bin;C:\Windows\SYSTEM32;C:\Program Files\Avast Software\Avast;C:\Windows\WinSxS\amd64_microsoft.windows.common-controls_6595b64144ccf1df_6.0.19041.1110_none_60b5254171f9507e;C:\Program Files\Java\jdk-19\bin\server

VM Arguments:
jvm_args: -Dfile.encoding=UTF-8 
java_command: <unknown>
java_class_path (initial): <not set>
Launcher Type: SUN_STANDARD

[Global flags]
     intx CICompilerCount                          = 4                                         {product} {ergonomic}
     uint ConcGCThreads                            = 2                                         {product} {ergonomic}
     uint G1ConcRefinementThreads                  = 8                                         {product} {ergonomic}
   size_t G1HeapRegionSize                         = 2097152                                   {product} {ergonomic}
    uintx GCDrainStackTargetSize                   = 64                                        {product} {ergonomic}
   size_t InitialHeapSize                          = 266338304                                 {product} {ergonomic}
   size_t MarkStackSize                            = 4194304                                   {product} {ergonomic}
   size_t MaxHeapSize                              = 4255121408                                {product} {ergonomic}
   size_t MinHeapDeltaBytes                        = 2097152                                   {product} {ergonomic}
   size_t MinHeapSize                              = 8388608                                   {product} {ergonomic}
    uintx NonNMethodCodeHeapSize                   = 5839372                                {pd product} {ergonomic}
    uintx NonProfiledCodeHeapSize                  = 122909434                              {pd product} {ergonomic}
    uintx ProfiledCodeHeapSize                     = 122909434                              {pd product} {ergonomic}
    uintx ReservedCodeCacheSize                    = 251658240                              {pd product} {ergonomic}
     bool SegmentedCodeCache                       = true                                      {product} {ergonomic}
   size_t SoftMaxHeapSize                          = 4255121408                             {manageable} {ergonomic}
     bool UseCompressedClassPointers               = true                           {product lp64_product} {ergonomic}
     bool UseCompressedOops                        = true                           {product lp64_product} {ergonomic}
     bool UseG1GC                                  = true                                      {product} {ergonomic}
     bool UseLargePagesIndividualAllocation        = false                                  {pd product} {ergonomic}

Logging:
Log output configuration:
 #0: stdout all=warning uptime,level,tags foldmultilines=false
 #1: stderr all=off uptime,level,tags foldmultilines=false

Environment Variables:
JAVA_HOME=C:\Program Files\Unity\Hub\Editor\2021.3.21f1\Editor\Data\PlaybackEngines\AndroidPlayer\OpenJDK
JAVA_TOOL_OPTIONS=-Dfile.encoding=UTF-8
PATH=C:\Program Files (x86)\Common Files\Intel\Shared Libraries\redist\intel64\compiler;C:\Program Files\Common Files\Oracle\Java\javapath;D:\ORACLE\ORACLE11G\bin;C:\Program Files (x86)\Intel\Intel(R) Management Engine Components\iCLS\;C:\Program Files\Intel\Intel(R) Management Engine Components\iCLS\;C:\Windows\system32;C:\Windows;C:\Windows\System32\Wbem;C:\Windows\System32\WindowsPowerShell\v1.0\;C:\Windows\System32\OpenSSH\;C:\Program Files (x86)\NVIDIA Corporation\PhysX\Common;C:\Program Files\NVIDIA Corporation\NVIDIA NvDLISR;C:\Program Files (x86)\Intel\Intel(R) Management Engine Components\DAL;C:\Program Files\Intel\Intel(R) Management Engine Components\DAL;C:\Program Files (x86)\Intel\Intel(R) Management Engine Components\IPT;C:\Program Files\Intel\Intel(R) Management Engine Components\IPT;D:\node js\;C:\Program Files\Git\cmd;C:\Program Files\dotnet\;C:\Users\Yassine\AppData\Local\Microsoft\WindowsApps;C:\Users\Yassine\AppData\Local\Programs\Microsoft VS Code\bin;C:\Users\Yassine\.dotnet\tools;C:\Users\Yassine\AppData\Local\Programs\Filestar;C:\Users\Yassine\AppData\Roaming\Filestar\aliases;C:\Users\Yassine\AppData\Local\GitHubDesktop\bin
USERNAME=Yassine
OS=Windows_NT
PROCESSOR_IDENTIFIER=Intel64 Family 6 Model 158 Stepping 10, GenuineIntel
TMP=C:\Users\Yassine\AppData\Local\Temp
TEMP=C:\Users\Yassine\AppData\Local\Temp



---------------  S Y S T E M  ---------------

OS:
 Windows 10 , 64 bit Build 19041 (10.0.19041.2788)
OS uptime: 0 days 7:59 hours

CPU: total 8 (initial active 8) (4 cores per cpu, 2 threads per core) family 6 model 158 stepping 10 microcode 0xb4, cx8, cmov, fxsr, ht, mmx, 3dnowpref, sse, sse2, sse3, ssse3, sse4.1, sse4.2, popcnt, lzcnt, tsc, tscinvbit, avx, avx2, aes, erms, clmul, bmi1, bmi2, adx, fma, vzeroupper, clflush, clflushopt, rdtscp

Memory: 4k page, system-wide physical 16229M (6247M free)
TotalPageFile size 18277M (AvailPageFile size 197M)
current process WorkingSet (physical memory assigned to process): 10M, peak: 10M
current process commit charge ("private bytes"): 60M, peak: 314M

vm_info: Java HotSpot(TM) 64-Bit Server VM (19.0.2+7-44) for windows-amd64 JRE (19.0.2+7-44), built on 2022-11-30T18:02:09Z by "mach5one" with MS VC++ 17.1 (VS2022)

END.
